2017-03-16 09:35:56,529 INFO Main start
2017-03-16 09:35:56,543 INFO (<function dites_bonjour at 0x02CDADF0>, 'Mlle. Maria')
2017-03-16 09:35:56,543 INFO (<function dites_bonjour at 0x02CDADF0>, 'Mlle. Ruth')
2017-03-16 09:35:56,545 INFO (<function dites_bonjour at 0x02CDADF0>, 'Mlle. Savannah')
2017-03-16 09:35:56,634 INFO Process-1 says that dites_bonjour Mlle. Maria = Bonjour Mlle. Maria !
2017-03-16 09:35:56,634 INFO Process-4 says that dites_bonjour Mlle. Savannah = Bonjour Mlle. Savannah !
2017-03-16 09:35:56,634 INFO Process-3 says that dites_bonjour Mlle. Ruth = Bonjour Mlle. Ruth !
2017-03-16 09:35:56,634 INFO (<function dites_bonjour at 0x02CDADF0>, 'Mme. Leela')
2017-03-16 09:35:56,634 INFO (<function dites_bonjour at 0x02CDADF0>, 'Mme. Amy Wong')
2017-03-16 09:35:56,634 INFO (<function dites_bonjour at 0x02CDADF0>, 'Mme. Mom')
2017-03-16 09:35:56,635 INFO (<function dites_bonjour at 0x02CDADF0>, 'Mme. LaBarbara Conrad')
2017-03-16 09:35:56,648 INFO Process-1 says that dites_bonjour Mme. Leela = Bonjour Mme. Leela !
2017-03-16 09:35:56,648 INFO Process-4 says that dites_bonjour Mme. Amy Wong = Bonjour Mme. Amy Wong !
2017-03-16 09:35:56,648 INFO Process-3 says that dites_bonjour Mme. Mom = Bonjour Mme. Mom !
2017-03-16 09:35:56,648 INFO Process-1 says that dites_bonjour Mme. LaBarbara Conrad = Bonjour Mme. LaBarbara Conrad !
2017-03-16 09:35:56,648 INFO (<function dites_bonjour at 0x02CDADF0>, 'M. Fry')
2017-03-16 09:35:56,648 INFO (<function dites_bonjour at 0x02CDADF0>, 'M. Bender')
2017-03-16 09:35:56,648 INFO (<function dites_bonjour at 0x02CDADF0>, 'M. Hermes Conrad')
2017-03-16 09:35:56,648 INFO (<function dites_bonjour at 0x02CDADF0>, 'M. Hubert J. Farnsworth')
2017-03-16 09:35:56,650 INFO (<function dites_bonjour at 0x02CDADF0>, 'M. John A. Zoidberg')
2017-03-16 09:35:56,650 INFO (<function dites_bonjour at 0x02CDADF0>, "M. Richard Nixon's head")
2017-03-16 09:35:56,650 INFO (<function dites_bonjour at 0x02CDADF0>, 'M. Zapp Brannigan')
2017-03-16 09:35:56,650 INFO (<function dites_bonjour at 0x02CDADF0>, 'M. Kif Kroker')
2017-03-16 09:35:56,650 INFO (<function dites_bonjour at 0x02CDADF0>, 'M. Nibbler')
2017-03-16 09:35:56,650 INFO (<function dites_bonjour at 0x02CDADF0>, 'M. Scruffy')
2017-03-16 09:35:56,650 INFO (<function dites_bonjour at 0x02CDADF0>, 'M. Leo Wong')
2017-03-16 09:35:56,650 INFO (<function dites_bonjour at 0x02CDADF0>, 'M. Lrrr')
2017-03-16 09:35:56,651 INFO (<function dites_bonjour at 0x02CDADF0>, 'M. Cubert Farnsworth')
2017-03-16 09:35:56,651 INFO (<function dites_bonjour at 0x02CDADF0>, 'M. Dwight Conrad')
2017-03-16 09:35:56,651 INFO Process-4 says that dites_bonjour M. Fry = Bonjour M. Fry !
2017-03-16 09:35:56,651 INFO Process-3 says that dites_bonjour M. Bender = Bonjour M. Bender !
2017-03-16 09:35:56,651 INFO Process-3 says that dites_bonjour M. Richard Nixon's head = Bonjour M. Richard Nixon's head !
2017-03-16 09:35:56,653 INFO Process-3 says that dites_bonjour M. Nibbler = Bonjour M. Nibbler !
2017-03-16 09:35:56,653 INFO Process-3 says that dites_bonjour M. Lrrr = Bonjour M. Lrrr !
2017-03-16 09:35:56,653 INFO Process-1 says that dites_bonjour M. Hubert J. Farnsworth = Bonjour M. Hubert J. Farnsworth !
2017-03-16 09:35:56,653 INFO Process-1 says that dites_bonjour M. Zapp Brannigan = Bonjour M. Zapp Brannigan !
2017-03-16 09:35:56,653 INFO Process-1 says that dites_bonjour M. Scruffy = Bonjour M. Scruffy !
2017-03-16 09:35:56,653 INFO Process-1 says that dites_bonjour M. Cubert Farnsworth = Bonjour M. Cubert Farnsworth !
2017-03-16 09:35:56,654 INFO Process-4 says that dites_bonjour M. John A. Zoidberg = Bonjour M. John A. Zoidberg !
2017-03-16 09:35:56,654 INFO Process-4 says that dites_bonjour M. Kif Kroker = Bonjour M. Kif Kroker !
2017-03-16 09:35:56,654 INFO Process-4 says that dites_bonjour M. Leo Wong = Bonjour M. Leo Wong !
2017-03-16 09:35:56,654 INFO Process-4 says that dites_bonjour M. Dwight Conrad = Bonjour M. Dwight Conrad !
2017-03-16 09:35:56,655 INFO Process-2 says that dites_bonjour M. Hermes Conrad = Bonjour M. Hermes Conrad !
2017-03-16 09:35:56,657 INFO Main stop
2017-03-16 09:38:14,530 INFO Main start
2017-03-16 09:38:14,545 INFO (<function dites_bonjour at 0x020CADF0>, 'Mlle. Maria')
2017-03-16 09:38:14,545 INFO (<function dites_bonjour at 0x020CADF0>, 'Mlle. Ruth')
2017-03-16 09:38:14,546 INFO (<function dites_bonjour at 0x020CADF0>, 'Mlle. Savannah')
2017-03-16 09:38:14,637 INFO Process-4 says that dites_bonjour Mlle. Maria = Bonjour Mlle. Maria !
2017-03-16 09:38:14,637 INFO Process-3 says that dites_bonjour Mlle. Ruth = Bonjour Mlle. Ruth !
2017-03-16 09:38:14,637 INFO Process-1 says that dites_bonjour Mlle. Savannah = Bonjour Mlle. Savannah !
2017-03-16 09:38:14,637 INFO (<function dites_bonjour at 0x020CADF0>, 'Mme. Leela')
2017-03-16 09:38:14,637 INFO (<function dites_bonjour at 0x020CADF0>, 'Mme. Amy Wong')
2017-03-16 09:38:14,637 INFO (<function dites_bonjour at 0x020CADF0>, 'Mme. Mom')
2017-03-16 09:38:14,638 INFO (<function dites_bonjour at 0x020CADF0>, 'Mme. LaBarbara Conrad')
2017-03-16 09:38:14,638 INFO Process-3 says that dites_bonjour Mme. Leela = Bonjour Mme. Leela !
2017-03-16 09:38:14,638 INFO Process-4 says that dites_bonjour Mme. Amy Wong = Bonjour Mme. Amy Wong !
2017-03-16 09:38:14,638 INFO Process-1 says that dites_bonjour Mme. Mom = Bonjour Mme. Mom !
2017-03-16 09:38:14,638 INFO Process-2 says that dites_bonjour Mme. LaBarbara Conrad = Bonjour Mme. LaBarbara Conrad !
2017-03-16 09:38:14,638 INFO (<function dites_bonjour at 0x020CADF0>, 'M. Fry')
2017-03-16 09:38:14,638 INFO (<function dites_bonjour at 0x020CADF0>, 'M. Bender')
2017-03-16 09:38:14,638 INFO (<function dites_bonjour at 0x020CADF0>, 'M. Hermes Conrad')
2017-03-16 09:38:14,638 INFO (<function dites_bonjour at 0x020CADF0>, 'M. Hubert J. Farnsworth')
2017-03-16 09:38:14,638 INFO (<function dites_bonjour at 0x020CADF0>, 'M. John A. Zoidberg')
2017-03-16 09:38:14,638 INFO (<function dites_bonjour at 0x020CADF0>, "M. Richard Nixon's head")
2017-03-16 09:38:14,640 INFO (<function dites_bonjour at 0x020CADF0>, 'M. Zapp Brannigan')
2017-03-16 09:38:14,640 INFO (<function dites_bonjour at 0x020CADF0>, 'M. Kif Kroker')
2017-03-16 09:38:14,640 INFO (<function dites_bonjour at 0x020CADF0>, 'M. Nibbler')
2017-03-16 09:38:14,640 INFO (<function dites_bonjour at 0x020CADF0>, 'M. Scruffy')
2017-03-16 09:38:14,640 INFO (<function dites_bonjour at 0x020CADF0>, 'M. Leo Wong')
2017-03-16 09:38:14,641 INFO (<function dites_bonjour at 0x020CADF0>, 'M. Lrrr')
2017-03-16 09:38:14,641 INFO (<function dites_bonjour at 0x020CADF0>, 'M. Cubert Farnsworth')
2017-03-16 09:38:14,641 INFO (<function dites_bonjour at 0x020CADF0>, 'M. Dwight Conrad')
2017-03-16 09:38:14,641 INFO Process-3 says that dites_bonjour M. Fry = Bonjour M. Fry !
2017-03-16 09:38:14,641 INFO Process-4 says that dites_bonjour M. Bender = Bonjour M. Bender !
2017-03-16 09:38:14,641 INFO Process-1 says that dites_bonjour M. Hermes Conrad = Bonjour M. Hermes Conrad !
2017-03-16 09:38:14,641 INFO Process-2 says that dites_bonjour M. Hubert J. Farnsworth = Bonjour M. Hubert J. Farnsworth !
2017-03-16 09:38:14,641 INFO Process-3 says that dites_bonjour M. John A. Zoidberg = Bonjour M. John A. Zoidberg !
2017-03-16 09:38:14,641 INFO Process-4 says that dites_bonjour M. Richard Nixon's head = Bonjour M. Richard Nixon's head !
2017-03-16 09:38:14,641 INFO Process-1 says that dites_bonjour M. Zapp Brannigan = Bonjour M. Zapp Brannigan !
2017-03-16 09:38:14,641 INFO Process-2 says that dites_bonjour M. Kif Kroker = Bonjour M. Kif Kroker !
2017-03-16 09:38:14,641 INFO Process-3 says that dites_bonjour M. Nibbler = Bonjour M. Nibbler !
2017-03-16 09:38:14,641 INFO Process-4 says that dites_bonjour M. Scruffy = Bonjour M. Scruffy !
2017-03-16 09:38:14,641 INFO Process-1 says that dites_bonjour M. Leo Wong = Bonjour M. Leo Wong !
2017-03-16 09:38:14,641 INFO Process-2 says that dites_bonjour M. Lrrr = Bonjour M. Lrrr !
2017-03-16 09:38:14,641 INFO Process-3 says that dites_bonjour M. Cubert Farnsworth = Bonjour M. Cubert Farnsworth !
2017-03-16 09:38:14,641 INFO Process-4 says that dites_bonjour M. Dwight Conrad = Bonjour M. Dwight Conrad !
2017-03-16 09:38:14,641 INFO Main stop
